<?xml version="1.0" encoding="UTF-8"?>
<!-- Generated by org.testng.reporters.JUnitXMLReporter -->
<testsuite ignored="0" hostname="DESKTOP-4418F88" failures="0" tests="3" name="Default test" time="15.183" errors="0" timestamp="2024-04-19T19:40:54 IST">
  <testcase classname="testCases.LoginPageTest" name="loginToApplicationTest" time="0.932"/>
  <testcase classname="testCases.LoginPageTest" name="verifyTitleOfApplicationTest" time="0.053"/>
  <testcase classname="testCases.LoginPageTest" name="verifyURLOfApplicationTest" time="0.05"/>
</testsuite> <!-- Default test -->
