<?xml version="1.0" encoding="UTF-8"?>
<!-- Generated by org.testng.reporters.JUnitXMLReporter -->
<testsuite ignored="0" hostname="DESKTOP-4418F88" failures="0" tests="45" name="AllPagesTest" time="148.621" errors="0" timestamp="2024-04-18T17:56:22 IST">
  <testcase classname="testCases.FinishPageTest" name="verifyBackBtnTest" time="0.107"/>
  <testcase classname="testCases.FinishPageTest" name="verifyDispatchTxtTest" time="0.046"/>
  <testcase classname="testCases.FinishPageTest" name="verifyFinishPageImgTest" time="0.029"/>
  <testcase classname="testCases.FinishPageTest" name="verifyFinishPageLogoTest" time="0.027"/>
  <testcase classname="testCases.FinishPageTest" name="verifyFinishPageTitleTest" time="0.037"/>
  <testcase classname="testCases.FinishPageTest" name="verifyFinishPageURLTest" time="0.024"/>
  <testcase classname="testCases.FinishPageTest" name="verifyThankYouTxtTest" time="0.04"/>
  <testcase classname="testCases.CheckoutPage2Test" name="verifyCancelBtnTest" time="0.078"/>
  <testcase classname="testCases.CheckoutPage2Test" name="verifyDescriptionTxtTest" time="0.036"/>
  <testcase classname="testCases.CheckoutPage2Test" name="verifyFinishBtnTest" time="0.061"/>
  <testcase classname="testCases.CheckoutPage2Test" name="verifyQtyTxtTest" time="0.034"/>
  <testcase classname="testCases.CheckoutPage2Test" name="verifycheckoutPage2LogoTest" time="0.015"/>
  <testcase classname="testCases.CheckoutPage2Test" name="verifycheckoutPage2TitleTest" time="0.032"/>
  <testcase classname="testCases.CheckoutPage2Test" name="verifycheckoutPage2URLTest" time="0.017"/>
  <testcase classname="testCases.CheckoutPage2Test" name="verifypaymentInfoTxtTest" time="0.031"/>
  <testcase classname="testCases.CheckoutPage2Test" name="verifyshippingInfoTextTest" time="0.032"/>
  <testcase classname="testCases.CheckoutPage2Test" name="verifytotalInfoTxtTest" time="0.029"/>
  <testcase classname="testCases.CheckoutPage1Test" name="verifyCancelBtnTest" time="0.065"/>
  <testcase classname="testCases.CheckoutPage1Test" name="verifyCheckoutPage1LogoTest" time="0.015"/>
  <testcase classname="testCases.CheckoutPage1Test" name="verifyCheckoutPage1MenuBtnTest" time="0.025"/>
  <testcase classname="testCases.CheckoutPage1Test" name="verifyCheckoutPage1TitleTest" time="0.029"/>
  <testcase classname="testCases.CheckoutPage1Test" name="verifyCheckoutPage1URLTest" time="0.015"/>
  <testcase classname="testCases.CheckoutPage1Test" name="verifyContinueBtnTest" time="0.284"/>
  <testcase classname="testCases.CartPageTest" name="verifyCartCountTest" time="0.03"/>
  <testcase classname="testCases.CartPageTest" name="verifyCartPageLogoTest" time="0.021"/>
  <testcase classname="testCases.CartPageTest" name="verifyCartPageURLTest" time="0.021"/>
  <testcase classname="testCases.CartPageTest" name="verifyCheckoutBtnTest" time="0.07"/>
  <testcase classname="testCases.CartPageTest" name="verifyContinueShoppingBtnTest" time="0.076"/>
  <testcase classname="testCases.CartPageTest" name="verifyDescriptionTxtTest" time="0.034"/>
  <testcase classname="testCases.CartPageTest" name="verifyPageTitleTest" time="0.043"/>
  <testcase classname="testCases.CartPageTest" name="verifyQuantityTxtTest" time="0.033"/>
  <testcase classname="testCases.CartPageTest" name="verifycartMenuBtnTest" time="0.028"/>
  <testcase classname="testCases.LoginPageTest" name="verifyURLOfApplicationTest" time="0.019"/>
  <testcase classname="testCases.LoginPageTest" name="loginToApplicationTest" time="0.302"/>
  <testcase classname="testCases.LoginPageTest" name="verifyTitleOfApplicationTest" time="0.022"/>
  <testcase classname="testCases.Inventory_Page_Test" name="verifyURLofInventoryPageTest" time="0.023"/>
  <testcase classname="testCases.Inventory_Page_Test" name="verifyAppLogoOfApplicationTest" time="0.019"/>
  <testcase classname="testCases.Inventory_Page_Test" name="verifyMenuBtnTest" time="0.024"/>
  <testcase classname="testCases.Inventory_Page_Test" name="verifyTitleOfInventoryPageTest" time="0.039"/>
  <testcase classname="testCases.Inventory_Page_Test" name="adding6ProductTest" time="0.442"/>
  <testcase classname="testCases.Inventory_Page_Test" name="remove4ProductTest" time="0.567"/>
  <testcase classname="testCases.Inventory_Page_Test" name="verifyTwitterLogoTest" time="0.023"/>
  <testcase classname="testCases.Inventory_Page_Test" name="verifyFacebookLogoTest" time="0.027"/>
  <testcase classname="testCases.Inventory_Page_Test" name="verifyLinkedinLogoTest" time="0.025"/>
  <testcase classname="testCases.Inventory_Page_Test" name="verifyFooterTxtTest" time="0.049"/>
</testsuite> <!-- AllPagesTest -->
