<?xml version="1.0" encoding="UTF-8"?>
<testng-results ignored="0" total="3" passed="3" failed="0" skipped="0">
  <reporter-output>
  </reporter-output>
  <suite started-at="2024-04-19T19:40:39 IST" name="Default suite" finished-at="2024-04-19T19:40:54 IST" duration-ms="15183">
    <groups>
      <group name="Universal">
        <method signature="LoginPageTest.verifyTitleOfApplicationTest()[pri:0, instance:testCases.LoginPageTest@6950ed69]" name="verifyTitleOfApplicationTest" class="testCases.LoginPageTest"/>
      </group> <!-- Universal -->
      <group name="Sanity">
        <method signature="LoginPageTest.loginToApplicationTest()[pri:0, instance:testCases.LoginPageTest@6950ed69]" name="loginToApplicationTest" class="testCases.LoginPageTest"/>
        <method signature="LoginPageTest.verifyURLOfApplicationTest()[pri:0, instance:testCases.LoginPageTest@6950ed69]" name="verifyURLOfApplicationTest" class="testCases.LoginPageTest"/>
      </group> <!-- Sanity -->
      <group name="Retesting">
        <method signature="LoginPageTest.verifyTitleOfApplicationTest()[pri:0, instance:testCases.LoginPageTest@6950ed69]" name="verifyTitleOfApplicationTest" class="testCases.LoginPageTest"/>
      </group> <!-- Retesting -->
      <group name="Regression">
        <method signature="LoginPageTest.loginToApplicationTest()[pri:0, instance:testCases.LoginPageTest@6950ed69]" name="loginToApplicationTest" class="testCases.LoginPageTest"/>
        <method signature="LoginPageTest.verifyURLOfApplicationTest()[pri:0, instance:testCases.LoginPageTest@6950ed69]" name="verifyURLOfApplicationTest" class="testCases.LoginPageTest"/>
      </group> <!-- Regression -->
    </groups>
    <test started-at="2024-04-19T19:40:39 IST" name="Default test" finished-at="2024-04-19T19:40:54 IST" duration-ms="15183">
      <class name="testCases.LoginPageTest">
        <test-method is-config="true" signature="setup()[pri:0, instance:testCases.LoginPageTest@6950ed69]" started-at="2024-04-19T19:40:39 IST" name="setup" finished-at="2024-04-19T19:40:46 IST" duration-ms="6925" status="PASS">
          <reporter-output>
          </reporter-output>
        </test-method> <!-- setup -->
        <test-method signature="loginToApplicationTest()[pri:0, instance:testCases.LoginPageTest@6950ed69]" started-at="2024-04-19T19:40:46 IST" name="loginToApplicationTest" finished-at="2024-04-19T19:40:47 IST" duration-ms="932" status="PASS">
          <reporter-output>
          </reporter-output>
        </test-method> <!-- loginToApplicationTest -->
        <test-method is-config="true" signature="closeBrowser(org.testng.ITestResult)[pri:0, instance:testCases.LoginPageTest@6950ed69]" started-at="2024-04-19T19:40:47 IST" name="closeBrowser" finished-at="2024-04-19T19:40:47 IST" duration-ms="387" status="PASS">
          <params>
            <param index="0">
              <value>
                <![CDATA[[TestResult name=loginToApplicationTest status=SUCCESS method=LoginPageTest.loginToApplicationTest()[pri:0, instance:testCases.LoginPageTest@6950ed69] output={null}]]]>
              </value>
            </param>
          </params>
          <reporter-output>
          </reporter-output>
        </test-method> <!-- closeBrowser -->
        <test-method is-config="true" signature="setup()[pri:0, instance:testCases.LoginPageTest@6950ed69]" started-at="2024-04-19T19:40:47 IST" name="setup" finished-at="2024-04-19T19:40:50 IST" duration-ms="3144" status="PASS">
          <reporter-output>
          </reporter-output>
        </test-method> <!-- setup -->
        <test-method signature="verifyTitleOfApplicationTest()[pri:0, instance:testCases.LoginPageTest@6950ed69]" started-at="2024-04-19T19:40:50 IST" name="verifyTitleOfApplicationTest" finished-at="2024-04-19T19:40:50 IST" duration-ms="53" status="PASS">
          <reporter-output>
          </reporter-output>
        </test-method> <!-- verifyTitleOfApplicationTest -->
        <test-method is-config="true" signature="closeBrowser(org.testng.ITestResult)[pri:0, instance:testCases.LoginPageTest@6950ed69]" started-at="2024-04-19T19:40:50 IST" name="closeBrowser" finished-at="2024-04-19T19:40:51 IST" duration-ms="180" status="PASS">
          <params>
            <param index="0">
              <value>
                <![CDATA[[TestResult name=verifyTitleOfApplicationTest status=SUCCESS method=LoginPageTest.verifyTitleOfApplicationTest()[pri:0, instance:testCases.LoginPageTest@6950ed69] output={null}]]]>
              </value>
            </param>
          </params>
          <reporter-output>
          </reporter-output>
        </test-method> <!-- closeBrowser -->
        <test-method is-config="true" signature="setup()[pri:0, instance:testCases.LoginPageTest@6950ed69]" started-at="2024-04-19T19:40:51 IST" name="setup" finished-at="2024-04-19T19:40:54 IST" duration-ms="3323" status="PASS">
          <reporter-output>
          </reporter-output>
        </test-method> <!-- setup -->
        <test-method signature="verifyURLOfApplicationTest()[pri:0, instance:testCases.LoginPageTest@6950ed69]" started-at="2024-04-19T19:40:54 IST" name="verifyURLOfApplicationTest" finished-at="2024-04-19T19:40:54 IST" duration-ms="50" status="PASS">
          <reporter-output>
          </reporter-output>
        </test-method> <!-- verifyURLOfApplicationTest -->
        <test-method is-config="true" signature="closeBrowser(org.testng.ITestResult)[pri:0, instance:testCases.LoginPageTest@6950ed69]" started-at="2024-04-19T19:40:54 IST" name="closeBrowser" finished-at="2024-04-19T19:40:54 IST" duration-ms="132" status="PASS">
          <params>
            <param index="0">
              <value>
                <![CDATA[[TestResult name=verifyURLOfApplicationTest status=SUCCESS method=LoginPageTest.verifyURLOfApplicationTest()[pri:0, instance:testCases.LoginPageTest@6950ed69] output={null}]]]>
              </value>
            </param>
          </params>
          <reporter-output>
          </reporter-output>
        </test-method> <!-- closeBrowser -->
      </class> <!-- testCases.LoginPageTest -->
    </test> <!-- Default test -->
  </suite> <!-- Default suite -->
</testng-results>
