<?xml version="1.0" encoding="UTF-8"?>
<!-- Generated by org.testng.reporters.JUnitReportReporter -->
<testsuite hostname="DESKTOP-4418F88" failures="0" tests="6" name="testCases.CheckoutPage1Test" time="18.375" errors="0" timestamp="2024-04-18T19:16:00 IST" skipped="0">
  <testcase classname="testCases.CheckoutPage1Test" name="verifyCheckoutPage1MenuBtnTest" time="2.935">
    <system-out>
      <![CDATA[CheckoutPage1MenuBtn is Present = true]]>
    </system-out>
  </testcase> <!-- verifyCheckoutPage1MenuBtnTest -->
  <testcase classname="testCases.CheckoutPage1Test" name="verifyContinueBtnTest" time="3.438">
    <system-out>
      <![CDATA[The URL of ContinueBtn is = https://www.saucedemo.com/checkout-step-two.html]]>
    </system-out>
  </testcase> <!-- verifyContinueBtnTest -->
  <testcase classname="testCases.CheckoutPage1Test" name="verifyCheckoutPage1LogoTest" time="2.998">
    <system-out>
      <![CDATA[The Logo of CheckoutPage1 is = Swag Labs]]>
    </system-out>
  </testcase> <!-- verifyCheckoutPage1LogoTest -->
  <testcase classname="testCases.CheckoutPage1Test" name="verifyCheckoutPage1URLTest" time="2.956">
    <system-out>
      <![CDATA[The URL of CheckoutPage1 is = https://www.saucedemo.com/checkout-step-one.html]]>
    </system-out>
  </testcase> <!-- verifyCheckoutPage1URLTest -->
  <testcase classname="testCases.CheckoutPage1Test" name="verifyCheckoutPage1TitleTest" time="3.033">
    <system-out>
      <![CDATA[The Title of CheckoutPage1 is = Checkout: Your Information]]>
    </system-out>
  </testcase> <!-- verifyCheckoutPage1TitleTest -->
  <testcase classname="testCases.CheckoutPage1Test" name="verifyCancelBtnTest" time="3.015">
    <system-out>
      <![CDATA[The URL of CancelBtn is = https://www.saucedemo.com/cart.html]]>
    </system-out>
  </testcase> <!-- verifyCancelBtnTest -->
  <system-out>
    <![CDATA[The URL of BackBtn is = https://www.saucedemo.com/inventory.html
The Text is Present = Your order has been dispatched, and will arrive just as fast as the pony can get there!
Image is Present = true
The Logo of FinishPage is = Swag Labs
The Title of FinishPage is = Checkout: Complete!
The URL of FinishPage is = https://www.saucedemo.com/checkout-complete.html
The Text is Present = Thank you for your order!
The URL of CancelBtn is = https://www.saucedemo.com/inventory.html
The Description Text is Present = Description
The URL of FinishBtn is = https://www.saucedemo.com/checkout-complete.html
The QTY Text is Present = QTY
The Logo of CheckoutPage2 is = Swag Labs
The Title of CheckoutPage2 is = Checkout: Overview
The URL of CheckoutPage2 is = https://www.saucedemo.com/checkout-step-two.html
The Text is Present = Payment Information:
The Text is Present = Shipping Information:
The Text is Present = Price Total
The URL of CancelBtn is = https://www.saucedemo.com/cart.html
The Logo of CheckoutPage1 is = Swag Labs
CheckoutPage1MenuBtn is Present = true
The Title of CheckoutPage1 is = Checkout: Your Information
The URL of CheckoutPage1 is = https://www.saucedemo.com/checkout-step-one.html
The URL of ContinueBtn is = https://www.saucedemo.com/checkout-step-two.html
The Logo of CartPage is = Swag Labs
The URL of CartPage is = https://www.saucedemo.com/cart.html
The URL of Checkout Btn is = https://www.saucedemo.com/checkout-step-one.html
The URL of Continue Shopping Btn is = https://www.saucedemo.com/inventory.html
The Description Text is Present = Description
The Title of CartPage is = Your Cart
The QTY Text is Present = QTY
Menu Btn is Present = true
URL of Inventory Page is = https://www.saucedemo.com/inventory.html
Logo of Inventory Page is = Swag Labs
Menu Btn is Present = true
Title of Inventory Page is = Products
Twitter Logo is Present = true
Facebook Logo is Present = true
Linkedin Logo is Present = true
The Footer Text Is Present = © 2024 Sauce Labs. All Rights Reserved. Terms of Service | Privacy Policy]]>
  </system-out>
</testsuite> <!-- testCases.CheckoutPage1Test -->
