<?xml version="1.0" encoding="UTF-8"?>
<!-- Generated by org.testng.reporters.JUnitXMLReporter -->
<testsuite ignored="3" hostname="DESKTOP-4418F88" failures="0" tests="42" name="GroupsTest" time="136.21" errors="0" timestamp="2024-04-18T19:16:00 IST">
  <testcase classname="testCases.FinishPageTest" name="verifyBackBtnTest" time="0.094"/>
  <testcase classname="testCases.FinishPageTest" name="verifyDispatchTxtTest" time="0.045"/>
  <testcase classname="testCases.FinishPageTest" name="verifyFinishPageImgTest" time="0.027"/>
  <testcase classname="testCases.FinishPageTest" name="verifyFinishPageLogoTest" time="0.042"/>
  <testcase classname="testCases.FinishPageTest" name="verifyFinishPageTitleTest" time="0.036"/>
  <testcase classname="testCases.FinishPageTest" name="verifyFinishPageURLTest" time="0.024"/>
  <testcase classname="testCases.FinishPageTest" name="verifyThankYouTxtTest" time="0.034"/>
  <testcase classname="testCases.CheckoutPage2Test" name="verifyCancelBtnTest" time="0.063"/>
  <testcase classname="testCases.CheckoutPage2Test" name="verifyDescriptionTxtTest" time="0.029"/>
  <testcase classname="testCases.CheckoutPage2Test" name="verifyFinishBtnTest" time="0.047"/>
  <testcase classname="testCases.CheckoutPage2Test" name="verifyQtyTxtTest" time="0.026"/>
  <testcase classname="testCases.CheckoutPage2Test" name="verifycheckoutPage2LogoTest" time="0.015"/>
  <testcase classname="testCases.CheckoutPage2Test" name="verifycheckoutPage2TitleTest" time="0.026"/>
  <testcase classname="testCases.CheckoutPage2Test" name="verifycheckoutPage2URLTest" time="0.013"/>
  <testcase classname="testCases.CheckoutPage2Test" name="verifypaymentInfoTxtTest" time="0.027"/>
  <testcase classname="testCases.CheckoutPage2Test" name="verifyshippingInfoTextTest" time="0.027"/>
  <testcase classname="testCases.CheckoutPage2Test" name="verifytotalInfoTxtTest" time="0.022"/>
  <testcase classname="testCases.CheckoutPage1Test" name="verifyCancelBtnTest" time="0.063"/>
  <testcase classname="testCases.CheckoutPage1Test" name="verifyCheckoutPage1LogoTest" time="0.01"/>
  <testcase classname="testCases.CheckoutPage1Test" name="verifyCheckoutPage1MenuBtnTest" time="0.025"/>
  <testcase classname="testCases.CheckoutPage1Test" name="verifyCheckoutPage1TitleTest" time="0.027"/>
  <testcase classname="testCases.CheckoutPage1Test" name="verifyCheckoutPage1URLTest" time="0.011"/>
  <testcase classname="testCases.CheckoutPage1Test" name="verifyContinueBtnTest" time="0.242"/>
  <testcase classname="testCases.CartPageTest" name="verifyCartPageLogoTest" time="0.017"/>
  <testcase classname="testCases.CartPageTest" name="verifyCartPageURLTest" time="0.018"/>
  <testcase classname="testCases.CartPageTest" name="verifyCheckoutBtnTest" time="0.053"/>
  <testcase classname="testCases.CartPageTest" name="verifyContinueShoppingBtnTest" time="0.065"/>
  <testcase classname="testCases.CartPageTest" name="verifyDescriptionTxtTest" time="0.023"/>
  <testcase classname="testCases.CartPageTest" name="verifyPageTitleTest" time="0.029"/>
  <testcase classname="testCases.CartPageTest" name="verifyQuantityTxtTest" time="0.024"/>
  <testcase classname="testCases.CartPageTest" name="verifycartMenuBtnTest" time="0.021"/>
  <testcase classname="testCases.LoginPageTest" name="loginToApplicationTest" time="0.177"/>
  <testcase classname="testCases.LoginPageTest" name="verifyTitleOfApplicationTest" time="0.016"/>
  <testcase classname="testCases.LoginPageTest" name="verifyURLOfApplicationTest" time="0.015"/>
  <testcase classname="testCases.Inventory_Page_Test" name="verifyURLofInventoryPageTest" time="0.012"/>
  <testcase classname="testCases.Inventory_Page_Test" name="verifyAppLogoOfApplicationTest" time="0.024"/>
  <testcase classname="testCases.Inventory_Page_Test" name="verifyMenuBtnTest" time="0.025"/>
  <testcase classname="testCases.Inventory_Page_Test" name="verifyTitleOfInventoryPageTest" time="0.029"/>
  <testcase classname="testCases.Inventory_Page_Test" name="verifyTwitterLogoTest" time="0.024"/>
  <testcase classname="testCases.Inventory_Page_Test" name="verifyFacebookLogoTest" time="0.024"/>
  <testcase classname="testCases.Inventory_Page_Test" name="verifyLinkedinLogoTest" time="0.018"/>
  <testcase classname="testCases.Inventory_Page_Test" name="verifyFooterTxtTest" time="0.043"/>
  <testcase classname="testCases.Inventory_Page_Test" name="adding6ProductTest" time="0.0">
    <ignored/>
  </testcase> <!-- adding6ProductTest -->
  <testcase classname="testCases.CartPageTest" name="verifyCartCountTest" time="0.0">
    <ignored/>
  </testcase> <!-- verifyCartCountTest -->
  <testcase classname="testCases.Inventory_Page_Test" name="remove4ProductTest" time="0.0">
    <ignored/>
  </testcase> <!-- remove4ProductTest -->
</testsuite> <!-- GroupsTest -->
